<?xml version="1.0" encoding="UTF-8"?>
<testsuite name="ru.netology.PostTest" tests="1" skipped="0" failures="0" errors="0" timestamp="2021-04-22T18:02:59" hostname="DESKTOP-7BINE4T" time="3.327">
  <properties/>
  <testcase name="shouldReturnPostRequest()" classname="ru.netology.PostTest" time="3.327"/>
  <system-out><![CDATA[]]></system-out>
  <system-err><![CDATA[]]></system-err>
</testsuite>
